[0923/080403.025:WARNING:minidump_to_upload_parameters.cc(66)] duplicate annotation name plat, discarding value Win64
[0923/080403.025:WARNING:minidump_to_upload_parameters.cc(66)] duplicate annotation name prod, discarding value OperaDesktop
[0923/080403.025:WARNING:minidump_to_upload_parameters.cc(66)] duplicate annotation name ver, discarding value 55.0.2994.61
[0923/080403.025:WARNING:minidump_to_upload_parameters.cc(66)] duplicate annotation name channel, discarding value Stable
[0923/080403.025:WARNING:minidump_to_upload_parameters.cc(66)] duplicate annotation name ptype, discarding value gpu-process
[0923/080438.068:WARNING:minidump_to_upload_parameters.cc(66)] duplicate annotation name plat, discarding value Win64
[0923/080438.101:WARNING:minidump_to_upload_parameters.cc(66)] duplicate annotation name prod, discarding value OperaDesktop
[0923/080438.101:WARNING:minidump_to_upload_parameters.cc(66)] duplicate annotation name ver, discarding value 55.0.2994.61
[0923/080438.101:WARNING:minidump_to_upload_parameters.cc(66)] duplicate annotation name channel, discarding value Stable
[0923/080438.101:WARNING:minidump_to_upload_parameters.cc(66)] duplicate annotation name ptype, discarding value gpu-process
[0923/081019.258:WARNING:minidump_to_upload_parameters.cc(66)] duplicate annotation name plat, discarding value Win64
[0923/081019.259:WARNING:minidump_to_upload_parameters.cc(66)] duplicate annotation name prod, discarding value OperaDesktop
[0923/081019.259:WARNING:minidump_to_upload_parameters.cc(66)] duplicate annotation name ver, discarding value 55.0.2994.61
[0923/081019.259:WARNING:minidump_to_upload_parameters.cc(66)] duplicate annotation name channel, discarding value Stable
[0923/081019.259:WARNING:minidump_to_upload_parameters.cc(66)] duplicate annotation name ptype, discarding value gpu-process
[0923/095358.855:WARNING:minidump_to_upload_parameters.cc(66)] duplicate annotation name plat, discarding value Win64
[0923/095358.865:WARNING:minidump_to_upload_parameters.cc(66)] duplicate annotation name prod, discarding value OperaDesktop
[0923/095358.865:WARNING:minidump_to_upload_parameters.cc(66)] duplicate annotation name ver, discarding value 55.0.2994.61
[0923/095358.865:WARNING:minidump_to_upload_parameters.cc(66)] duplicate annotation name channel, discarding value Stable
[0923/095358.865:WARNING:minidump_to_upload_parameters.cc(66)] duplicate annotation name ptype, discarding value gpu-process
[0923/100045.427:WARNING:minidump_to_upload_parameters.cc(66)] duplicate annotation name plat, discarding value Win64
[0923/100045.427:WARNING:minidump_to_upload_parameters.cc(66)] duplicate annotation name prod, discarding value OperaDesktop
[0923/100045.427:WARNING:minidump_to_upload_parameters.cc(66)] duplicate annotation name ver, discarding value 55.0.2994.61
[0923/100045.427:WARNING:minidump_to_upload_parameters.cc(66)] duplicate annotation name channel, discarding value Stable
[0923/100045.427:WARNING:minidump_to_upload_parameters.cc(66)] duplicate annotation name ptype, discarding value gpu-process
[0923/100135.103:WARNING:minidump_to_upload_parameters.cc(66)] duplicate annotation name plat, discarding value Win64
[0923/100135.103:WARNING:minidump_to_upload_parameters.cc(66)] duplicate annotation name prod, discarding value OperaDesktop
[0923/100135.103:WARNING:minidump_to_upload_parameters.cc(66)] duplicate annotation name ver, discarding value 55.0.2994.61
[0923/100135.103:WARNING:minidump_to_upload_parameters.cc(66)] duplicate annotation name channel, discarding value Stable
[0923/100135.103:WARNING:minidump_to_upload_parameters.cc(66)] duplicate annotation name ptype, discarding value gpu-process
[0923/100430.628:WARNING:minidump_to_upload_parameters.cc(66)] duplicate annotation name plat, discarding value Win64
[0923/100430.628:WARNING:minidump_to_upload_parameters.cc(66)] duplicate annotation name prod, discarding value OperaDesktop
[0923/100430.628:WARNING:minidump_to_upload_parameters.cc(66)] duplicate annotation name ver, discarding value 55.0.2994.61
[0923/100430.628:WARNING:minidump_to_upload_parameters.cc(66)] duplicate annotation name channel, discarding value Stable
[0923/100430.628:WARNING:minidump_to_upload_parameters.cc(66)] duplicate annotation name ptype, discarding value gpu-process
